Tue Sep 20 14:39:01 WAT 2022
              total        used        free      shared  buff/cache   available
Mem:          976Mi       158Mi       428Mi       1.0Mi       390Mi       669Mi
Swap:            0B          0B          0B
--------------------
Tue Sep 20 15:00:01 WAT 2022
              total        used        free      shared  buff/cache   available
Mem:          976Mi       150Mi       432Mi       1.0Mi       393Mi       677Mi
Swap:            0B          0B          0B
--------------------
Tue Sep 20 16:00:01 WAT 2022
              total        used        free      shared  buff/cache   available
Mem:          976Mi       151Mi       292Mi       1.0Mi       532Mi       649Mi
Swap:            0B          0B          0B
--------------------
Tue Sep 20 17:00:01 WAT 2022
              total        used        free      shared  buff/cache   available
Mem:          976Mi       151Mi       285Mi       1.0Mi       539Mi       649Mi
Swap:            0B          0B          0B
--------------------
Tue Sep 20 18:00:01 WAT 2022
              total        used        free      shared  buff/cache   available
Mem:          976Mi       151Mi       274Mi       1.0Mi       550Mi       649Mi
Swap:            0B          0B          0B
--------------------
Tue Sep 20 19:00:01 WAT 2022
              total        used        free      shared  buff/cache   available
Mem:          976Mi       151Mi       264Mi       1.0Mi       561Mi       649Mi
Swap:            0B          0B          0B
--------------------
Tue Sep 20 20:00:01 WAT 2022
              total        used        free      shared  buff/cache   available
Mem:          976Mi       153Mi       209Mi       1.0Mi       613Mi       646Mi
Swap:            0B          0B          0B
--------------------
Tue Sep 20 21:00:01 WAT 2022
              total        used        free      shared  buff/cache   available
Mem:          976Mi       153Mi       204Mi       1.0Mi       619Mi       647Mi
Swap:            0B          0B          0B
--------------------
Tue Sep 20 22:00:01 WAT 2022
              total        used        free      shared  buff/cache   available
Mem:          976Mi       153Mi       197Mi       1.0Mi       625Mi       646Mi
Swap:            0B          0B          0B
--------------------
Tue Sep 20 23:00:01 WAT 2022
              total        used        free      shared  buff/cache   available
Mem:          976Mi       154Mi       190Mi       1.0Mi       631Mi       645Mi
Swap:            0B          0B          0B
--------------------
